INFO http-nio-8081-exec-4 com.sample1.Sample1Application -User LoggedIn..
INFO http-nio-8081-exec-6 com.sample1.Sample1Application -Redirecting to Private Chat
INFO http-nio-8081-exec-6 com.sample1.Sample1Application -User Added
INFO http-nio-8081-exec-8 com.sample1.Sample1Application -User Exist
DEBUG http-nio-8081-exec-6 com.sample1.Sample1Application -message sent from private Chat
INFO http-nio-8081-exec-2 com.sample1.Sample1Application -Redirecting to Private Chat
INFO http-nio-8081-exec-6 com.sample1.Sample1Application -logged out...
INFO http-nio-8081-exec-7 com.sample1.Sample1Application -User LoggedIn..
INFO http-nio-8081-exec-8 com.sample1.Sample1Application -logged out...
INFO http-nio-8081-exec-2 com.sample1.Sample1Application -User LoggedIn..
INFO http-nio-8081-exec-9 com.sample1.Sample1Application -logged out...
INFO http-nio-8081-exec-1 com.sample1.Sample1Application -User LoggedIn..
INFO http-nio-8081-exec-3 com.sample1.Sample1Application -User LoggedIn..
INFO http-nio-8081-exec-8 com.sample1.Sample1Application -User LoggedIn..
INFO http-nio-8081-exec-10 com.sample1.Sample1Application -User LoggedIn..
INFO http-nio-8081-exec-10 com.sample1.Sample1Application -Redirecting to Private Chat
INFO http-nio-8081-exec-2 com.sample1.Sample1Application -Redirecting to Private Chat
INFO http-nio-8081-exec-1 com.sample1.Sample1Application -Redirecting to Private Chat
INFO http-nio-8081-exec-5 com.sample1.Sample1Application -logged out...
INFO http-nio-8081-exec-1 com.sample1.Sample1Application -User LoggedIn..
INFO http-nio-8081-exec-3 com.sample1.Sample1Application -logged out...
INFO http-nio-8081-exec-10 com.sample1.Sample1Application -Redirecting to Private Chat
DEBUG http-nio-8081-exec-4 com.sample1.Sample1Application -message sent from private Chat
INFO http-nio-8081-exec-1 com.sample1.Sample1Application -logged out...
INFO http-nio-8081-exec-4 com.sample1.Sample1Application -User LoggedIn..
INFO http-nio-8081-exec-4 com.sample1.Sample1Application -logged out...
INFO http-nio-8081-exec-9 com.sample1.Sample1Application -User LoggedIn..
INFO http-nio-8081-exec-1 com.sample1.Sample1Application -logged out...
INFO http-nio-8081-exec-10 com.sample1.Sample1Application -User LoggedIn..
INFO http-nio-8081-exec-2 com.sample1.Sample1Application -logged out...
INFO http-nio-8081-exec-3 com.sample1.Sample1Application -User LoggedIn..
INFO http-nio-8081-exec-3 com.sample1.Sample1Application -logged out...
INFO http-nio-8081-exec-1 com.sample1.Sample1Application -User LoggedIn..
INFO http-nio-8081-exec-6 com.sample1.Sample1Application -logged out...
INFO http-nio-8081-exec-4 com.sample1.Sample1Application -User LoggedIn..
INFO http-nio-8081-exec-4 com.sample1.Sample1Application -logged out...
INFO http-nio-8081-exec-4 com.sample1.Sample1Application -User LoggedIn..
INFO http-nio-8081-exec-5 com.sample1.Sample1Application -logged out...
INFO http-nio-8081-exec-10 com.sample1.Sample1Application -Wrong Credentials
INFO http-nio-8081-exec-3 com.sample1.Sample1Application -User LoggedIn..
INFO http-nio-8081-exec-5 com.sample1.Sample1Application -logged out...
INFO http-nio-8081-exec-7 com.sample1.Sample1Application -User LoggedIn..
INFO http-nio-8081-exec-8 com.sample1.Sample1Application -logged out...
INFO http-nio-8081-exec-4 com.sample1.Sample1Application -User LoggedIn..
INFO http-nio-8081-exec-4 com.sample1.Sample1Application -logged out...
INFO http-nio-8081-exec-1 com.sample1.Sample1Application -User LoggedIn..
INFO http-nio-8081-exec-2 com.sample1.Sample1Application -Redirecting to Private Chat
DEBUG http-nio-8081-exec-9 com.sample1.Sample1Application -message sent from private Chat
INFO http-nio-8081-exec-5 com.sample1.Sample1Application -Redirecting to Private Chat
DEBUG http-nio-8081-exec-3 com.sample1.Sample1Application -message sent from private Chat
INFO http-nio-8081-exec-6 com.sample1.Sample1Application -logged out...
INFO http-nio-8081-exec-1 com.sample1.Sample1Application -User LoggedIn..
INFO http-nio-8081-exec-4 com.sample1.Sample1Application -Redirecting to Private Chat
INFO http-nio-8081-exec-2 com.sample1.Sample1Application -logged out...
INFO http-nio-8081-exec-8 com.sample1.Sample1Application -User LoggedIn..
INFO http-nio-8081-exec-1 com.sample1.Sample1Application -logged out...
INFO http-nio-8081-exec-1 com.sample1.Sample1Application -logged out...
INFO http-nio-8081-exec-8 com.sample1.Sample1Application -User LoggedIn..
INFO http-nio-8081-exec-9 com.sample1.Sample1Application -Redirecting to Private Chat
INFO http-nio-8081-exec-10 com.sample1.Sample1Application -Redirecting to Private Chat
INFO http-nio-8081-exec-3 com.sample1.Sample1Application -Redirecting to Private Chat
DEBUG http-nio-8081-exec-9 com.sample1.Sample1Application -message sent from private Chat
INFO http-nio-8081-exec-7 com.sample1.Sample1Application -Wrong Credentials
INFO http-nio-8081-exec-2 com.sample1.Sample1Application -Wrong Credentials
INFO http-nio-8081-exec-7 com.sample1.Sample1Application -Wrong Credentials
INFO http-nio-8081-exec-2 com.sample1.Sample1Application -Wrong Credentials
INFO http-nio-8081-exec-2 com.sample1.Sample1Application -User Registered
INFO http-nio-8081-exec-7 com.sample1.Sample1Application -User LoggedIn..
INFO http-nio-8081-exec-5 com.sample1.Sample1Application -logged out...
INFO http-nio-8081-exec-9 com.sample1.Sample1Application -User Registered
INFO http-nio-8081-exec-4 com.sample1.Sample1Application -Wrong Credentials
INFO http-nio-8081-exec-9 com.sample1.Sample1Application -User LoggedIn..
INFO http-nio-8081-exec-7 com.sample1.Sample1Application -Redirecting to Private Chat
INFO http-nio-8081-exec-7 com.sample1.Sample1Application -message sent
INFO http-nio-8081-exec-1 com.sample1.Sample1Application -message sent
INFO http-nio-8081-exec-7 com.sample1.Sample1Application -User LoggedIn..
INFO http-nio-8081-exec-9 com.sample1.Sample1Application -message sent
INFO http-nio-8081-exec-3 com.sample1.Sample1Application -message sent
INFO http-nio-8081-exec-1 com.sample1.Sample1Application -message sent
INFO http-nio-8081-exec-2 com.sample1.Sample1Application -message sent
INFO http-nio-8081-exec-7 com.sample1.Sample1Application -Redirecting to Private Chat
INFO http-nio-8081-exec-9 com.sample1.Sample1Application -User Not Exist
INFO http-nio-8081-exec-7 com.sample1.Sample1Application -User Added
DEBUG http-nio-8081-exec-1 com.sample1.Sample1Application -message sent from private Chat
INFO http-nio-8081-exec-9 com.sample1.Sample1Application -Redirecting to Private Chat
DEBUG http-nio-8081-exec-10 com.sample1.Sample1Application -message sent from private Chat
INFO http-nio-8081-exec-6 com.sample1.Sample1Application -Redirecting to Private Chat
INFO http-nio-8081-exec-5 com.sample1.Sample1Application -Redirecting to Private Chat
INFO http-nio-8081-exec-10 com.sample1.Sample1Application -Redirecting to Private Chat
INFO http-nio-8081-exec-1 com.sample1.Sample1Application -Redirecting to Private Chat
INFO http-nio-8081-exec-1 com.sample1.Sample1Application -Redirecting to Private Chat
INFO http-nio-8081-exec-1 com.sample1.Sample1Application -Redirecting to Private Chat
INFO http-nio-8081-exec-5 com.sample1.Sample1Application -User Registered
INFO http-nio-8081-exec-4 com.sample1.Sample1Application -User LoggedIn..
INFO http-nio-8081-exec-2 com.sample1.Sample1Application -Redirecting to Private Chat
INFO http-nio-8081-exec-5 com.sample1.Sample1Application -Redirecting to Private Chat
INFO http-nio-8081-exec-6 com.sample1.Sample1Application -message sent
INFO http-nio-8081-exec-1 com.sample1.Sample1Application -Redirecting to Private Chat
INFO http-nio-8081-exec-10 com.sample1.Sample1Application -User Registered
INFO http-nio-8081-exec-8 com.sample1.Sample1Application -Wrong Credentials
INFO http-nio-8081-exec-2 com.sample1.Sample1Application -Wrong Credentials
INFO http-nio-8081-exec-3 com.sample1.Sample1Application -Wrong Credentials
INFO http-nio-8081-exec-1 com.sample1.Sample1Application -User LoggedIn..
INFO http-nio-8081-exec-1 com.sample1.Sample1Application -Redirecting to Private Chat
INFO http-nio-8081-exec-6 com.sample1.Sample1Application -Redirecting to Private Chat
INFO http-nio-8081-exec-3 com.sample1.Sample1Application -Redirecting to Private Chat
INFO http-nio-8081-exec-3 com.sample1.Sample1Application -Redirecting to Private Chat
INFO http-nio-8081-exec-3 com.sample1.Sample1Application -Redirecting to Private Chat
INFO http-nio-8081-exec-10 com.sample1.Sample1Application -Redirecting to Private Chat
INFO http-nio-8081-exec-10 com.sample1.Sample1Application -Redirecting to Private Chat
INFO http-nio-8081-exec-10 com.sample1.Sample1Application -Redirecting to Private Chat
INFO http-nio-8081-exec-6 com.sample1.Sample1Application -Redirecting to Private Chat
INFO http-nio-8081-exec-1 com.sample1.Sample1Application -User Added
DEBUG http-nio-8081-exec-1 com.sample1.Sample1Application -message sent from private Chat
INFO http-nio-8081-exec-9 com.sample1.Sample1Application -Redirecting to Private Chat
DEBUG http-nio-8081-exec-3 com.sample1.Sample1Application -message sent from private Chat
INFO http-nio-8081-exec-6 com.sample1.Sample1Application -Redirecting to Private Chat
INFO http-nio-8081-exec-2 com.sample1.Sample1Application -User Registered
INFO http-nio-8081-exec-5 com.sample1.Sample1Application -User LoggedIn..
INFO http-nio-8081-exec-7 com.sample1.Sample1Application -User Registered
INFO http-nio-8081-exec-1 com.sample1.Sample1Application -User LoggedIn..
INFO http-nio-8081-exec-5 com.sample1.Sample1Application -message sent
INFO http-nio-8081-exec-9 com.sample1.Sample1Application -message sent
INFO http-nio-8081-exec-7 com.sample1.Sample1Application -message sent
INFO http-nio-8081-exec-7 com.sample1.Sample1Application -Redirecting to Private Chat
INFO http-nio-8081-exec-5 com.sample1.Sample1Application -User Added
DEBUG http-nio-8081-exec-3 com.sample1.Sample1Application -message sent from private Chat
INFO http-nio-8081-exec-6 com.sample1.Sample1Application -Redirecting to Private Chat
DEBUG http-nio-8081-exec-5 com.sample1.Sample1Application -message sent from private Chat
INFO http-nio-8081-exec-7 com.sample1.Sample1Application -Redirecting to Private Chat
INFO http-nio-8081-exec-9 com.sample1.Sample1Application -Redirecting to Private Chat
INFO http-nio-8081-exec-3 com.sample1.Sample1Application -Redirecting to Private Chat
INFO http-nio-8081-exec-7 com.sample1.Sample1Application -Redirecting to Private Chat
INFO http-nio-8081-exec-5 com.sample1.Sample1Application -Redirecting to Private Chat
INFO http-nio-8081-exec-6 com.sample1.Sample1Application -Redirecting to Private Chat
INFO http-nio-8081-exec-8 com.sample1.Sample1Application -Redirecting to Private Chat
INFO http-nio-8081-exec-3 com.sample1.Sample1Application -Redirecting to Private Chat
INFO http-nio-8081-exec-9 com.sample1.Sample1Application -Redirecting to Private Chat
INFO http-nio-8081-exec-3 com.sample1.Sample1Application -Redirecting to Private Chat
INFO http-nio-8081-exec-3 com.sample1.Sample1Application -Redirecting to Private Chat
